<?xml version="1.0" encoding="UTF-8"?>
<!-- Generated by org.testng.reporters.JUnitReportReporter -->
<testsuite hostname="HP" name="myprojects.automation.assignment4.tests.CreateProductTest" tests="5" failures="0" timestamp="2 Dec 2017 12:01:03 GMT" time="41.222" errors="0">
  <testcase name="verifyCreatedProductInList" time="4.070" classname="myprojects.automation.assignment4.tests.CreateProductTest"/>
  <testcase name="verifyDetailedProductInformation" time="0.183" classname="myprojects.automation.assignment4.tests.CreateProductTest"/>
  <testcase name="openProductsPage" time="34.105" classname="myprojects.automation.assignment4.tests.CreateProductTest"/>
  <testcase name="saveProduct" time="0.933" classname="myprojects.automation.assignment4.tests.CreateProductTest"/>
  <testcase name="fillNewProductData" time="1.931" classname="myprojects.automation.assignment4.tests.CreateProductTest"/>
</testsuite> <!-- myprojects.automation.assignment4.tests.CreateProductTest -->
